Start testing: Sep 23 22:05 CDT
----------------------------------------------------------
1/2 Testing: vol_plugin
1/2 Test: vol_plugin
Command: "/home/hyoklee/vol-geotiff/build/test/vol_plugin"
Directory: /home/hyoklee/vol-geotiff/build/test
"vol_plugin" start time: Sep 23 22:05 CDT
Output:
----------------------------------------------------------
Testing VOL connector plugin functionality.
HDF5_PLUGIN_PATH = /home/hyoklee/vol-geotiff/build/src
Testing VOL registration by name                                       PASSED
Testing VOL registration by value                                      PASSED
Testing registering a VOL connector multiple times                     PASSED
Testing VOL getters                                                    PASSED
All VOL connector plugin tests passed.
<end of output>
Test time =   0.01 sec
----------------------------------------------------------
Test Passed.
"vol_plugin" end time: Sep 23 22:05 CDT
"vol_plugin" time elapsed: 00:00:00
----------------------------------------------------------

2/2 Testing: test_geotiff_read
2/2 Test: test_geotiff_read
Command: "/home/hyoklee/vol-geotiff/build/test/test_geotiff_read" "/home/hyoklee/vol-geotiff/test/sample.tif"
Directory: /home/hyoklee/vol-geotiff/build/test
"test_geotiff_read" start time: Sep 23 22:05 CDT
Output:
----------------------------------------------------------
HDF5-DIAG: Error detected in HDF5 (2.0.0-2):
  #000: /home/hyoklee/CGNS/hdf5/src/H5S.c line 853 in H5Sget_simple_extent_ndims(): not a dataspace
    major: Invalid arguments to routine
    minor: Inappropriate type
HDF5-DIAG: Error detected in HDF5 (2.0.0-2):
  #000: /home/hyoklee/CGNS/hdf5/src/H5S.c line 482 in H5Sclose(): not a dataspace
    major: Invalid arguments to routine
    minor: Inappropriate type
HDF5-DIAG: Error detected in HDF5 (2.0.0-2):
  #000: /home/hyoklee/CGNS/hdf5/src/H5T.c line 2700 in H5Tget_class(): not a datatype
    major: Invalid arguments to routine
    minor: Inappropriate type
HDF5-DIAG: Error detected in HDF5 (2.0.0-2):
  #000: /home/hyoklee/CGNS/hdf5/src/H5T.c line 2921 in H5Tget_size(): not a datatype
    major: Invalid arguments to routine
    minor: Inappropriate type
HDF5-DIAG: Error detected in HDF5 (2.0.0-2):
  #000: /home/hyoklee/CGNS/hdf5/src/H5T.c line 2540 in H5Tclose(): not a datatype
    major: Invalid arguments to routine
    minor: Inappropriate type
Testing GeoTIFF VOL connector with file: /home/hyoklee/vol-geotiff/test/sample.tif
Successfully opened GeoTIFF file
Successfully opened image dataset
Image datatype: class=-1, size=0 bytes
Test completed successfully
<end of output>
Test time =   0.01 sec
----------------------------------------------------------
Test Passed.
"test_geotiff_read" end time: Sep 23 22:05 CDT
"test_geotiff_read" time elapsed: 00:00:00
----------------------------------------------------------

End testing: Sep 23 22:05 CDT
